c:\users\ng_pc\desktop\cghw3\homework3\homework3\release\vc140.pdb
c:\users\ng_pc\desktop\cghw3\homework3\homework3\release\time_system.obj
c:\users\ng_pc\desktop\cghw3\homework3\homework3\release\texture.obj
c:\users\ng_pc\desktop\cghw3\homework3\homework3\release\shader.obj
c:\users\ng_pc\desktop\cghw3\homework3\homework3\release\global_utility.obj
c:\users\ng_pc\desktop\cghw3\homework3\homework3\release\main.obj
c:\users\ng_pc\desktop\cghw3\homework3\homework3\release\light.obj
c:\users\ng_pc\desktop\cghw3\homework3\homework3\release\data_binding.obj
c:\users\ng_pc\desktop\cghw3\homework3\homework3\release\coord.obj
c:\users\ng_pc\desktop\cghw3\homework3\homework3\release\callback.obj
c:\users\ng_pc\desktop\cghw3\homework3\release\homework3.exe
c:\users\ng_pc\desktop\cghw3\homework3\release\homework3.ipdb
c:\users\ng_pc\desktop\cghw3\homework3\release\homework3.iobj
c:\users\ng_pc\desktop\cghw3\homework3\release\homework3.pdb
c:\users\ng_pc\desktop\cghw3\homework3\homework3\release\homework3.tlog\cl.command.1.tlog
c:\users\ng_pc\desktop\cghw3\homework3\homework3\release\homework3.tlog\cl.read.1.tlog
c:\users\ng_pc\desktop\cghw3\homework3\homework3\release\homework3.tlog\cl.write.1.tlog
c:\users\ng_pc\desktop\cghw3\homework3\homework3\release\homework3.tlog\link.command.1.tlog
c:\users\ng_pc\desktop\cghw3\homework3\homework3\release\homework3.tlog\link.read.1.tlog
c:\users\ng_pc\desktop\cghw3\homework3\homework3\release\homework3.tlog\link.write.1.tlog
